
bitinit version Xilinx EDK 14.1 Build EDK_P.15xf
Copyright (c) Xilinx Inc. 2002.

Parsing MHS File microblaze.mhs...

Overriding IP level properties ...
orig_family is spartan6
INFO:EDK:4130 - IPNAME: xps_ethernetlite, INSTANCE:Ethernet_Lite - tcl is
   overriding PARAMETER C_FAMILY value to spartan6 -
   C:\Xilinx\14.1\ISE_DS\EDK\hw\XilinxProcessorIPLib\pcores\xps_ethernetlite_v4_
   00_a\data\xps_ethernetlite_v2_1_0.mpd line 79 

Computing clock values...
INFO:EDK:740 - Cannot determine the input clock associated with port :
   ilmb_cntlr:BRAM_Clk_A. Clock DRCs will not be performed on this core and
   cores connected to it. 
INFO:EDK:740 - Cannot determine the input clock associated with port :
   dlmb_cntlr:BRAM_Clk_A. Clock DRCs will not be performed on this core and
   cores connected to it. 

Performing IP level DRCs on properties...

Running DRC Tcl procedures for OPTION IPLEVEL_DRC_PROC...
Address Map for Processor microblaze_0
  (0000000000-0x00001fff) dlmb_cntlr	dlmb
  (0000000000-0x00001fff) ilmb_cntlr	ilmb
  (0x81000000-0x8100ffff) Ethernet_Lite	mb_plb
  (0x81800000-0x8180ffff) xps_intc_0	mb_plb
  (0x84400000-0x8440ffff) mdm_0	mb_plb
INFO:EDK:4087 - IPNAME: xps_ethernetlite, INSTANCE: Ethernet_Lite - This design
   requires design constraints to guarantee performance.
   Please refer to the data sheet for details.  
   The PLB clock frequency must be greater than or equal to 50 MHz for 100 Mbs
   Ethernet operation and greater than or equal to 5.0 MHz for 10 Mbs Ethernet
   operation. - C:\Xilinx\Project\Ethernet\EthernrBSB\microblaze\microblaze.mhs
   line 107
INFO:EDK:4130 - IPNAME: plb_v46, INSTANCE:mb_plb - tool is overriding PARAMETER
   C_PLBV46_NUM_MASTERS value to 2 -
   C:\Xilinx\14.1\ISE_DS\EDK\hw\XilinxProcessorIPLib\pcores\plb_v46_v1_05_a\data
   \plb_v46_v2_1_0.mpd line 78 
INFO:EDK:4130 - IPNAME: plb_v46, INSTANCE:mb_plb - tool is overriding PARAMETER
   C_PLBV46_NUM_SLAVES value to 3 -
   C:\Xilinx\14.1\ISE_DS\EDK\hw\XilinxProcessorIPLib\pcores\plb_v46_v1_05_a\data
   \plb_v46_v2_1_0.mpd line 79 
INFO:EDK:4130 - IPNAME: plb_v46, INSTANCE:mb_plb - tool is overriding PARAMETER
   C_PLBV46_MID_WIDTH value to 1 -
   C:\Xilinx\14.1\ISE_DS\EDK\hw\XilinxProcessorIPLib\pcores\plb_v46_v1_05_a\data
   \plb_v46_v2_1_0.mpd line 80 
INFO:EDK:4130 - IPNAME: plb_v46, INSTANCE:mb_plb - tool is overriding PARAMETER
   C_PLBV46_DWIDTH value to 32 -
   C:\Xilinx\14.1\ISE_DS\EDK\hw\XilinxProcessorIPLib\pcores\plb_v46_v1_05_a\data
   \plb_v46_v2_1_0.mpd line 82 
INFO:EDK:4130 - IPNAME: lmb_v10, INSTANCE:ilmb - tool is overriding PARAMETER
   C_LMB_NUM_SLAVES value to 1 -
   C:\Xilinx\14.1\ISE_DS\EDK\hw\XilinxProcessorIPLib\pcores\lmb_v10_v2_00_b\data
   \lmb_v10_v2_1_0.mpd line 80 
INFO:EDK:4130 - IPNAME: lmb_v10, INSTANCE:dlmb - tool is overriding PARAMETER
   C_LMB_NUM_SLAVES value to 1 -
   C:\Xilinx\14.1\ISE_DS\EDK\hw\XilinxProcessorIPLib\pcores\lmb_v10_v2_00_b\data
   \lmb_v10_v2_1_0.mpd line 80 
INFO:EDK:4130 - IPNAME: bram_block, INSTANCE:lmb_bram - tool is overriding
   PARAMETER C_MEMSIZE value to 0x2000 -
   C:\Xilinx\14.1\ISE_DS\EDK\hw\XilinxProcessorIPLib\pcores\bram_block_v1_00_a\d
   ata\bram_block_v2_1_0.mpd line 76 
INFO:EDK:4130 - IPNAME: xps_ethernetlite, INSTANCE:Ethernet_Lite - tool is
   overriding PARAMETER C_SPLB_NUM_MASTERS value to 2 -
   C:\Xilinx\14.1\ISE_DS\EDK\hw\XilinxProcessorIPLib\pcores\xps_ethernetlite_v4_
   00_a\data\xps_ethernetlite_v2_1_0.mpd line 87 
INFO:EDK:4130 - IPNAME: mdm, INSTANCE:mdm_0 - tool is overriding PARAMETER
   C_SPLB_MID_WIDTH value to 1 -
   C:\Xilinx\14.1\ISE_DS\EDK\hw\XilinxProcessorIPLib\pcores\mdm_v2_00_b\data\mdm
   _v2_1_0.mpd line 92 
INFO:EDK:4130 - IPNAME: mdm, INSTANCE:mdm_0 - tool is overriding PARAMETER
   C_SPLB_NUM_MASTERS value to 2 -
   C:\Xilinx\14.1\ISE_DS\EDK\hw\XilinxProcessorIPLib\pcores\mdm_v2_00_b\data\mdm
   _v2_1_0.mpd line 93 
INFO:EDK:4130 - IPNAME: xps_intc, INSTANCE:xps_intc_0 - tool is overriding
   PARAMETER C_SPLB_NUM_MASTERS value to 2 -
   C:\Xilinx\14.1\ISE_DS\EDK\hw\XilinxProcessorIPLib\pcores\xps_intc_v2_01_a\dat
   a\xps_intc_v2_1_0.mpd line 82 

Checking platform address map ...

Initializing Memory...
Running Data2Mem with the following command:
data2mem -bm "implementation/microblaze_bd" -p xc6slx16csg324-3 -bt
"implementation/microblaze.bit"  -bd "bootloops/microblaze_0.elf" tag
microblaze_0  -o b implementation/download.bit 
Memory Initialization completed successfully.

