Release 14.1 - platgen Xilinx EDK 14.1 Build EDK_P.15xf
 (nt)
Copyright (c) 1995-2012 Xilinx, Inc.  All rights reserved.

Command Line: platgen -p xc6slx16csg324-3 -lang vhdl -intstyle ise -lp
C:/Nexys3_BSB_Support_v_2_8/Nexys3_PLB_BSB_Support/lib/ -toplevel no -ti
microblaze_i -msg __xps/ise/xmsgprops.lst microblaze.mhs 

Parse C:/Xilinx/Project/Ethernet/EthernrBSB/microblaze/microblaze.mhs ...

Read MPD definitions ...

Overriding IP level properties ...
orig_family is spartan6
INFO:EDK:4130 - IPNAME: xps_ethernetlite, INSTANCE:Ethernet_Lite - tcl is
   overriding PARAMETER C_FAMILY value to spartan6 -
   C:\Xilinx\14.1\ISE_DS\EDK\hw\XilinxProcessorIPLib\pcores\xps_ethernetlite_v4_
   00_a\data\xps_ethernetlite_v2_1_0.mpd line 79 

Computing clock values...
INFO:EDK:740 - Cannot determine the input clock associated with port :
   ilmb_cntlr:BRAM_Clk_A. Clock DRCs will not be performed on this core and
   cores connected to it. 
INFO:EDK:740 - Cannot determine the input clock associated with port :
   dlmb_cntlr:BRAM_Clk_A. Clock DRCs will not be performed on this core and
   cores connected to it. 

Performing IP level DRCs on properties...

Running DRC Tcl procedures for OPTION IPLEVEL_DRC_PROC...
Address Map for Processor microblaze_0
  (0000000000-0x00001fff) dlmb_cntlr	dlmb
  (0000000000-0x00001fff) ilmb_cntlr	ilmb
  (0x81000000-0x8100ffff) Ethernet_Lite	mb_plb
  (0x81800000-0x8180ffff) xps_intc_0	mb_plb
  (0x84400000-0x8440ffff) mdm_0	mb_plb
INFO:EDK:4087 - IPNAME: xps_ethernetlite, INSTANCE: Ethernet_Lite - This design
   requires design constraints to guarantee performance.
   Please refer to the data sheet for details.  
   The PLB clock frequency must be greater than or equal to 50 MHz for 100 Mbs
   Ethernet operation and greater than or equal to 5.0 MHz for 10 Mbs Ethernet
   operation. - C:\Xilinx\Project\Ethernet\EthernrBSB\microblaze\microblaze.mhs
   line 107
INFO:EDK:4130 - IPNAME: plb_v46, INSTANCE:mb_plb - tool is overriding PARAMETER
   C_PLBV46_NUM_MASTERS value to 2 -
   C:\Xilinx\14.1\ISE_DS\EDK\hw\XilinxProcessorIPLib\pcores\plb_v46_v1_05_a\data
   \plb_v46_v2_1_0.mpd line 78 
INFO:EDK:4130 - IPNAME: plb_v46, INSTANCE:mb_plb - tool is overriding PARAMETER
   C_PLBV46_NUM_SLAVES value to 3 -
   C:\Xilinx\14.1\ISE_DS\EDK\hw\XilinxProcessorIPLib\pcores\plb_v46_v1_05_a\data
   \plb_v46_v2_1_0.mpd line 79 
INFO:EDK:4130 - IPNAME: plb_v46, INSTANCE:mb_plb - tool is overriding PARAMETER
   C_PLBV46_MID_WIDTH value to 1 -
   C:\Xilinx\14.1\ISE_DS\EDK\hw\XilinxProcessorIPLib\pcores\plb_v46_v1_05_a\data
   \plb_v46_v2_1_0.mpd line 80 
INFO:EDK:4130 - IPNAME: plb_v46, INSTANCE:mb_plb - tool is overriding PARAMETER
   C_PLBV46_DWIDTH value to 32 -
   C:\Xilinx\14.1\ISE_DS\EDK\hw\XilinxProcessorIPLib\pcores\plb_v46_v1_05_a\data
   \plb_v46_v2_1_0.mpd line 82 
INFO:EDK:4130 - IPNAME: lmb_v10, INSTANCE:ilmb - tool is overriding PARAMETER
   C_LMB_NUM_SLAVES value to 1 -
   C:\Xilinx\14.1\ISE_DS\EDK\hw\XilinxProcessorIPLib\pcores\lmb_v10_v2_00_b\data
   \lmb_v10_v2_1_0.mpd line 80 
INFO:EDK:4130 - IPNAME: lmb_v10, INSTANCE:dlmb - tool is overriding PARAMETER
   C_LMB_NUM_SLAVES value to 1 -
   C:\Xilinx\14.1\ISE_DS\EDK\hw\XilinxProcessorIPLib\pcores\lmb_v10_v2_00_b\data
   \lmb_v10_v2_1_0.mpd line 80 
INFO:EDK:4130 - IPNAME: bram_block, INSTANCE:lmb_bram - tool is overriding
   PARAMETER C_MEMSIZE value to 0x2000 -
   C:\Xilinx\14.1\ISE_DS\EDK\hw\XilinxProcessorIPLib\pcores\bram_block_v1_00_a\d
   ata\bram_block_v2_1_0.mpd line 76 
INFO:EDK:4130 - IPNAME: xps_ethernetlite, INSTANCE:Ethernet_Lite - tool is
   overriding PARAMETER C_SPLB_NUM_MASTERS value to 2 -
   C:\Xilinx\14.1\ISE_DS\EDK\hw\XilinxProcessorIPLib\pcores\xps_ethernetlite_v4_
   00_a\data\xps_ethernetlite_v2_1_0.mpd line 87 
INFO:EDK:4130 - IPNAME: mdm, INSTANCE:mdm_0 - tool is overriding PARAMETER
   C_SPLB_MID_WIDTH value to 1 -
   C:\Xilinx\14.1\ISE_DS\EDK\hw\XilinxProcessorIPLib\pcores\mdm_v2_00_b\data\mdm
   _v2_1_0.mpd line 92 
INFO:EDK:4130 - IPNAME: mdm, INSTANCE:mdm_0 - tool is overriding PARAMETER
   C_SPLB_NUM_MASTERS value to 2 -
   C:\Xilinx\14.1\ISE_DS\EDK\hw\XilinxProcessorIPLib\pcores\mdm_v2_00_b\data\mdm
   _v2_1_0.mpd line 93 
INFO:EDK:4130 - IPNAME: xps_intc, INSTANCE:xps_intc_0 - tool is overriding
   PARAMETER C_SPLB_NUM_MASTERS value to 2 -
   C:\Xilinx\14.1\ISE_DS\EDK\hw\XilinxProcessorIPLib\pcores\xps_intc_v2_01_a\dat
   a\xps_intc_v2_1_0.mpd line 82 

Checking platform address map ...

Checking platform configuration ...
IPNAME: plb_v46, INSTANCE: mb_plb - 2 master(s) : 3 slave(s) 
IPNAME: lmb_v10, INSTANCE: ilmb - 1 master(s) : 1 slave(s) 
IPNAME: lmb_v10, INSTANCE: dlmb - 1 master(s) : 1 slave(s) 

Checking port drivers...
WARNING:EDK:4180 - PORT: bscan_tdo1, CONNECTOR: bscan_tdo1 - No driver found.
   Port will be driven to GND -
   C:\Xilinx\14.1\ISE_DS\EDK\hw\XilinxProcessorIPLib\pcores\mdm_v2_00_b\data\mdm
   _v2_1_0.mpd line 239 
WARNING:EDK:4181 - PORT: bscan_tdi, CONNECTOR: bscan_tdi - floating connection -
   C:\Xilinx\14.1\ISE_DS\EDK\hw\XilinxProcessorIPLib\pcores\mdm_v2_00_b\data\mdm
   _v2_1_0.mpd line 232 
WARNING:EDK:4181 - PORT: bscan_reset, CONNECTOR: bscan_reset - floating
   connection -
   C:\Xilinx\14.1\ISE_DS\EDK\hw\XilinxProcessorIPLib\pcores\mdm_v2_00_b\data\mdm
   _v2_1_0.mpd line 233 
WARNING:EDK:4181 - PORT: bscan_shift, CONNECTOR: bscan_shift - floating
   connection -
   C:\Xilinx\14.1\ISE_DS\EDK\hw\XilinxProcessorIPLib\pcores\mdm_v2_00_b\data\mdm
   _v2_1_0.mpd line 234 
WARNING:EDK:4181 - PORT: bscan_update, CONNECTOR: bscan_update - floating
   connection -
   C:\Xilinx\14.1\ISE_DS\EDK\hw\XilinxProcessorIPLib\pcores\mdm_v2_00_b\data\mdm
   _v2_1_0.mpd line 235 
WARNING:EDK:4181 - PORT: bscan_capture, CONNECTOR: bscan_capture - floating
   connection -
   C:\Xilinx\14.1\ISE_DS\EDK\hw\XilinxProcessorIPLib\pcores\mdm_v2_00_b\data\mdm
   _v2_1_0.mpd line 236 
WARNING:EDK:4181 - PORT: bscan_sel1, CONNECTOR: bscan_sel1 - floating connection
   -
   C:\Xilinx\14.1\ISE_DS\EDK\hw\XilinxProcessorIPLib\pcores\mdm_v2_00_b\data\mdm
   _v2_1_0.mpd line 237 
WARNING:EDK:4181 - PORT: bscan_drck1, CONNECTOR: bscan_drck1 - floating
   connection -
   C:\Xilinx\14.1\ISE_DS\EDK\hw\XilinxProcessorIPLib\pcores\mdm_v2_00_b\data\mdm
   _v2_1_0.mpd line 238 
WARNING:EDK:4181 - PORT: Peripheral_Reset, CONNECTOR: sys_periph_reset -
   floating connection -
   C:\Xilinx\Project\Ethernet\EthernrBSB\microblaze\microblaze.mhs line 182 

Performing Clock DRCs...

Performing Reset DRCs...

Overriding system level properties...
INFO:EDK:4130 - IPNAME: microblaze, INSTANCE:microblaze_0 - tcl is overriding
   PARAMETER C_D_PLB value to 1 -
   C:\Xilinx\14.1\ISE_DS\EDK\hw\XilinxProcessorIPLib\pcores\microblaze_v8_30_a\d
   ata\microblaze_v2_1_0.mpd line 230 
INFO:EDK:4130 - IPNAME: microblaze, INSTANCE:microblaze_0 - tcl is overriding
   PARAMETER C_I_PLB value to 1 -
   C:\Xilinx\14.1\ISE_DS\EDK\hw\XilinxProcessorIPLib\pcores\microblaze_v8_30_a\d
   ata\microblaze_v2_1_0.mpd line 233 
INFO:EDK:4130 - IPNAME: microblaze, INSTANCE:microblaze_0 - tcl is overriding
   PARAMETER C_ADDR_TAG_BITS value to 0 -
   C:\Xilinx\14.1\ISE_DS\EDK\hw\XilinxProcessorIPLib\pcores\microblaze_v8_30_a\d
   ata\microblaze_v2_1_0.mpd line 334 
INFO:EDK:4130 - IPNAME: microblaze, INSTANCE:microblaze_0 - tcl is overriding
   PARAMETER C_DCACHE_ADDR_TAG value to 0 -
   C:\Xilinx\14.1\ISE_DS\EDK\hw\XilinxProcessorIPLib\pcores\microblaze_v8_30_a\d
   ata\microblaze_v2_1_0.mpd line 364 
INFO:EDK:4130 - IPNAME: microblaze, INSTANCE:microblaze_0 - tcl is overriding
   PARAMETER C_USE_INTERRUPT value to 1 -
   C:\Xilinx\14.1\ISE_DS\EDK\hw\XilinxProcessorIPLib\pcores\microblaze_v8_30_a\d
   ata\microblaze_v2_1_0.mpd line 398 
INFO:EDK:4130 - IPNAME: microblaze, INSTANCE:microblaze_0 - tcl is overriding
   PARAMETER C_USE_EXT_BRK value to 1 -
   C:\Xilinx\14.1\ISE_DS\EDK\hw\XilinxProcessorIPLib\pcores\microblaze_v8_30_a\d
   ata\microblaze_v2_1_0.mpd line 399 
INFO:EDK:4130 - IPNAME: microblaze, INSTANCE:microblaze_0 - tcl is overriding
   PARAMETER C_USE_EXT_NM_BRK value to 1 -
   C:\Xilinx\14.1\ISE_DS\EDK\hw\XilinxProcessorIPLib\pcores\microblaze_v8_30_a\d
   ata\microblaze_v2_1_0.mpd line 400 
INFO:EDK:4130 - IPNAME: lmb_bram_if_cntlr, INSTANCE:dlmb_cntlr - tcl is
   overriding PARAMETER C_MASK value to 0x80000000 -
   C:\Xilinx\14.1\ISE_DS\EDK\hw\XilinxProcessorIPLib\pcores\lmb_bram_if_cntlr_v3
   _00_b\data\lmb_bram_if_cntlr_v2_1_0.mpd line 87 
INFO:EDK:4130 - IPNAME: lmb_bram_if_cntlr, INSTANCE:ilmb_cntlr - tcl is
   overriding PARAMETER C_MASK value to 0x80000000 -
   C:\Xilinx\14.1\ISE_DS\EDK\hw\XilinxProcessorIPLib\pcores\lmb_bram_if_cntlr_v3
   _00_b\data\lmb_bram_if_cntlr_v2_1_0.mpd line 87 
INFO:EDK:4130 - IPNAME: xps_intc, INSTANCE:xps_intc_0 - tcl is overriding
   PARAMETER C_NUM_INTR_INPUTS value to 1 -
   C:\Xilinx\14.1\ISE_DS\EDK\hw\XilinxProcessorIPLib\pcores\xps_intc_v2_01_a\dat
   a\xps_intc_v2_1_0.mpd line 86 
INFO:EDK:4130 - IPNAME: xps_intc, INSTANCE:xps_intc_0 - tcl is overriding
   PARAMETER C_KIND_OF_INTR value to 0b11111111111111111111111111111111 -
   C:\Xilinx\14.1\ISE_DS\EDK\hw\XilinxProcessorIPLib\pcores\xps_intc_v2_01_a\dat
   a\xps_intc_v2_1_0.mpd line 87 
INFO:EDK:4130 - IPNAME: xps_intc, INSTANCE:xps_intc_0 - tcl is overriding
   PARAMETER C_KIND_OF_EDGE value to 0b11111111111111111111111111111111 -
   C:\Xilinx\14.1\ISE_DS\EDK\hw\XilinxProcessorIPLib\pcores\xps_intc_v2_01_a\dat
   a\xps_intc_v2_1_0.mpd line 88 
INFO:EDK:4130 - IPNAME: xps_intc, INSTANCE:xps_intc_0 - tcl is overriding
   PARAMETER C_KIND_OF_LVL value to 0b11111111111111111111111111111111 -
   C:\Xilinx\14.1\ISE_DS\EDK\hw\XilinxProcessorIPLib\pcores\xps_intc_v2_01_a\dat
   a\xps_intc_v2_1_0.mpd line 89 

Running system level update procedures...

Running UPDATE Tcl procedures for OPTION SYSLEVEL_UPDATE_PROC...

Running system level DRCs...

Performing System level DRCs on properties...

Running DRC Tcl procedures for OPTION SYSLEVEL_DRC_PROC...
Port present in Ethernet_Lite

Running UPDATE Tcl procedures for OPTION PLATGEN_SYSLEVEL_UPDATE_PROC...
INFO: The microblaze_0 core has constraints automatically generated by XPS in
implementation/microblaze_0_wrapper/microblaze_0_wrapper.ucf.
It can be overridden by constraints placed in the system.ucf file.

INFO: The ilmb core has constraints automatically generated by XPS in
implementation/ilmb_wrapper/ilmb_wrapper.ucf.
It can be overridden by constraints placed in the system.ucf file.

INFO: The dlmb core has constraints automatically generated by XPS in
implementation/dlmb_wrapper/dlmb_wrapper.ucf.
It can be overridden by constraints placed in the system.ucf file.

INFO: The Ethernet_Lite core has constraints automatically generated by XPS in
implementation/ethernet_lite_wrapper/ethernet_lite_wrapper.ucf.
It can be overridden by constraints placed in the system.ucf file.


Modify defaults ...

Creating stub ...

Processing licensed instances ...
Completion time: 0.00 seconds

Creating hardware output directories ...

Managing hardware (BBD-specified) netlist files ...

Managing cache ...

Elaborating instances ...
IPNAME:bram_block INSTANCE:lmb_bram -
C:\Xilinx\Project\Ethernet\EthernrBSB\microblaze\microblaze.mhs line 100 -
elaborating IP
IPNAME:clock_generator INSTANCE:clock_generator_0 -
C:\Xilinx\Project\Ethernet\EthernrBSB\microblaze\microblaze.mhs line 145 -
elaborating IP
ClkGen elaborate status: PASSED
----------------------------------------
----------------------------------------

Writing HDL for elaborated instances ...

Inserting wrapper level ...
Completion time: 0.00 seconds

Constructing platform-level connectivity ...
Completion time: 0.00 seconds

Writing (top-level) BMM ...

Writing (top-level and wrappers) HDL ...

Generating synthesis project file ...

Running XST synthesis ...

INFO:EDK:4211 - The following instances are synthesized with XST. The MPD option
   IMP_NETLIST=TRUE indicates that a NGC file is to be produced using XST
   synthesis. IMP_NETLIST=FALSE (default) instances are not synthesized. 
INSTANCE:microblaze_0 -
C:\Xilinx\Project\Ethernet\EthernrBSB\microblaze\microblaze.mhs line 47 -
Running XST synthesis
INSTANCE:mb_plb -
C:\Xilinx\Project\Ethernet\EthernrBSB\microblaze\microblaze.mhs line 61 -
Running XST synthesis
INSTANCE:ilmb - C:\Xilinx\Project\Ethernet\EthernrBSB\microblaze\microblaze.mhs
line 68 - Running XST synthesis
INSTANCE:dlmb - C:\Xilinx\Project\Ethernet\EthernrBSB\microblaze\microblaze.mhs
line 75 - Running XST synthesis
INSTANCE:dlmb_cntlr -
C:\Xilinx\Project\Ethernet\EthernrBSB\microblaze\microblaze.mhs line 82 -
Running XST synthesis
INSTANCE:ilmb_cntlr -
C:\Xilinx\Project\Ethernet\EthernrBSB\microblaze\microblaze.mhs line 91 -
Running XST synthesis
INSTANCE:lmb_bram -
C:\Xilinx\Project\Ethernet\EthernrBSB\microblaze\microblaze.mhs line 100 -
Running XST synthesis
INSTANCE:ethernet_lite -
C:\Xilinx\Project\Ethernet\EthernrBSB\microblaze\microblaze.mhs line 107 -
Running XST synthesis
INSTANCE:mem_bus_mux_0 -
C:\Xilinx\Project\Ethernet\EthernrBSB\microblaze\microblaze.mhs line 128 -
Running XST synthesis
INSTANCE:clock_generator_0 -
C:\Xilinx\Project\Ethernet\EthernrBSB\microblaze\microblaze.mhs line 145 -
Running XST synthesis
INSTANCE:mdm_0 - C:\Xilinx\Project\Ethernet\EthernrBSB\microblaze\microblaze.mhs
line 160 - Running XST synthesis
INSTANCE:proc_sys_reset_0 -
C:\Xilinx\Project\Ethernet\EthernrBSB\microblaze\microblaze.mhs line 172 -
Running XST synthesis
INSTANCE:xps_intc_0 -
C:\Xilinx\Project\Ethernet\EthernrBSB\microblaze\microblaze.mhs line 185 -
Running XST synthesis

Running NGCBUILD ...
IPNAME:microblaze_microblaze_0_wrapper INSTANCE:microblaze_0 -
C:\Xilinx\Project\Ethernet\EthernrBSB\microblaze\microblaze.mhs line 47 -
Running NGCBUILD
IPNAME:microblaze_ilmb_wrapper INSTANCE:ilmb -
C:\Xilinx\Project\Ethernet\EthernrBSB\microblaze\microblaze.mhs line 68 -
Running NGCBUILD
IPNAME:microblaze_dlmb_wrapper INSTANCE:dlmb -
C:\Xilinx\Project\Ethernet\EthernrBSB\microblaze\microblaze.mhs line 75 -
Running NGCBUILD
IPNAME:microblaze_ethernet_lite_wrapper INSTANCE:ethernet_lite -
C:\Xilinx\Project\Ethernet\EthernrBSB\microblaze\microblaze.mhs line 107 -
Running NGCBUILD
IPNAME:microblaze_clock_generator_0_wrapper INSTANCE:clock_generator_0 -
C:\Xilinx\Project\Ethernet\EthernrBSB\microblaze\microblaze.mhs line 145 -
Running NGCBUILD
IPNAME:microblaze_xps_intc_0_wrapper INSTANCE:xps_intc_0 -
C:\Xilinx\Project\Ethernet\EthernrBSB\microblaze\microblaze.mhs line 185 -
Running NGCBUILD
INFO:EDK:3509 - NCF files should not be modified as they will be regenerated.
   If any constraint needs to be overridden, this should be done by modifying
   the data/microblaze.ucf file.

Rebuilding cache ...

Total run time: 147.00 seconds
